[2020-02-28 12:14:02] local.ERROR: SQLSTATE[42S22]: Column not found: 1054 Unknown column 'na_count' in 'field list' (SQL: update `application_value` set `many_worries_or_often_seems_worried` = 1, `gouvarnate` = 7, `picked_on_or_bullied_by_other_children` = 1, `total_number_of_hours_in_your_program` = 100, `justify_the_dropout_reason` = ?, `altitude` = ?, `age` = 8, `thinks_things_out_before_acting` = 1, `gets_along_better_with_adults_than_with_other_children` = 1, `often_lies_or_cheats` = 1, `child_code` = P1-C1-9, `longitude` = ?, `rather_solitary_prefers_to_play_alone` = 1, `constantly_fidgeting_or_squirming` = 1, `easily_distracted_concentration_wanders` = 1, `dropout_reason` = Did Not Drop Out, `caza` = 26, `accuracy` = ?, `often_offers_to_help_others` = 1, `area` = El Marj, `latitude` = ?, `generally_well_behaved_usually_does_what_adults_request` = 1, `considerate_of_other_peoples_feelings` = 1, `p_code` = ?, `interviewers_name` = c_1 c1, `kind_to_younger_children` = 1, `number_of_hours_that_the_child_attended` = 6, `gender` = Female, `often_loses_temper` = 1, `interview_date` = 2020-02-28 14:07:41, `gateway_type` = Informal Settlement, `often_unhappy_depressed_or_tearful` = 1, `category` = Child Labour Activity, `donor_name` = UNHCR, `shares_readily_with_other_children_for_example_toys` = 1, `generally_liked_by_other_children` = 1, `often_complains_of_headaches_stomach_aches_or_sickness` = 1, `often_fights_with_other_hildren_or_bullies_them` = 1, `may_i_start_now` = yes, `steals_from_home_school_or_elsewhere` = 1, `agency_name` = AND, `do_the_child_receive_any_other_child_protection_services` = Case management,Community based Child protection activities, `form` = Form 6-11, `helpful_if_someone_is_hurt_upset_or_feeling_ill` = 1, `nationality` = Palestinian, `many_fears_easily_scared` = 1, `nervous_or_clingy_in_new_situations_easily_loses_confidence` = 1, `comment` = ?, `restless_overactive_cannot_stay_still_for_long` = 2, `good_attention_span_sees_chores_or_homework_through_to_the_end` = 1, `has_at_least_one_good_friend` = 1, `type` = post_test, `na_count` = 0, `emotional_scale` = 5.5, `conduct_scale` = 5.5, `hyper_activity_scale` = 6.5, `peer_problem_scale` = 5.5, `pro_social_scale` = 5.5, `score` = 23, `application_id` = 27, `application_value`.`updated_at` = 2020-02-28 12:14:01 where `application_id` = 27 and `type` = post_test) {"exception":"[object] (Illuminate\\Database\\QueryException(code: 42S22): SQLSTATE[42S22]: Column not found: 1054 Unknown column 'na_count' in 'field list' (SQL: update `application_value` set `many_worries_or_often_seems_worried` = 1, `gouvarnate` = 7, `picked_on_or_bullied_by_other_children` = 1, `total_number_of_hours_in_your_program` = 100, `justify_the_dropout_reason` = ?, `altitude` = ?, `age` = 8, `thinks_things_out_before_acting` = 1, `gets_along_better_with_adults_than_with_other_children` = 1, `often_lies_or_cheats` = 1, `child_code` = P1-C1-9, `longitude` = ?, `rather_solitary_prefers_to_play_alone` = 1, `constantly_fidgeting_or_squirming` = 1, `easily_distracted_concentration_wanders` = 1, `dropout_reason` = Did Not Drop Out, `caza` = 26, `accuracy` = ?, `often_offers_to_help_others` = 1, `area` = El Marj, `latitude` = ?, `generally_well_behaved_usually_does_what_adults_request` = 1, `considerate_of_other_peoples_feelings` = 1, `p_code` = ?, `interviewers_name` = c_1 c1, `kind_to_younger_children` = 1, `number_of_hours_that_the_child_attended` = 6, `gender` = Female, `often_loses_temper` = 1, `interview_date` = 2020-02-28 14:07:41, `gateway_type` = Informal Settlement, `often_unhappy_depressed_or_tearful` = 1, `category` = Child Labour Activity, `donor_name` = UNHCR, `shares_readily_with_other_children_for_example_toys` = 1, `generally_liked_by_other_children` = 1, `often_complains_of_headaches_stomach_aches_or_sickness` = 1, `often_fights_with_other_hildren_or_bullies_them` = 1, `may_i_start_now` = yes, `steals_from_home_school_or_elsewhere` = 1, `agency_name` = AND, `do_the_child_receive_any_other_child_protection_services` = Case management,Community based Child protection activities, `form` = Form 6-11, `helpful_if_someone_is_hurt_upset_or_feeling_ill` = 1, `nationality` = Palestinian, `many_fears_easily_scared` = 1, `nervous_or_clingy_in_new_situations_easily_loses_confidence` = 1, `comment` = ?, `restless_overactive_cannot_stay_still_for_long` = 2, `good_attention_span_sees_chores_or_homework_through_to_the_end` = 1, `has_at_least_one_good_friend` = 1, `type` = post_test, `na_count` = 0, `emotional_scale` = 5.5, `conduct_scale` = 5.5, `hyper_activity_scale` = 6.5, `peer_problem_scale` = 5.5, `pro_social_scale` = 5.5, `score` = 23, `application_id` = 27, `application_value`.`updated_at` = 2020-02-28 12:14:01 where `application_id` = 27 and `type` = post_test) at /home/hqpyj8xflnii/public_html/vendor/laravel/framework/src/Illuminate/Database/Connection.php:664, PDOException(code: 42S22): SQLSTATE[42S22]: Column not found: 1054 Unknown column 'na_count' in 'field list' at /home/hqpyj8xflnii/public_html/vendor/laravel/framework/src/Illuminate/Database/Connection.php:479)
[stacktrace]
#0 /home/hqpyj8xflnii/public_html/vendor/laravel/framework/src/Illuminate/Database/Connection.php(624): Illuminate\\Database\\Connection->runQueryCallback('update `applica...', Array, Object(Closure))
#1 /home/hqpyj8xflnii/public_html/vendor/laravel/framework/src/Illuminate/Database/Connection.php(490): Illuminate\\Database\\Connection->run('update `applica...', Array, Object(Closure))
#2 /home/hqpyj8xflnii/public_html/vendor/laravel/framework/src/Illuminate/Database/Connection.php(423): Illuminate\\Database\\Connection->affectingStatement('update `applica...', Array)
#3 /home/hqpyj8xflnii/public_html/vendor/laravel/framework/src/Illuminate/Database/Query/Builder.php(2721): Illuminate\\Database\\Connection->update('update `applica...', Array)
#4 /home/hqpyj8xflnii/public_html/vendor/laravel/framework/src/Illuminate/Database/Eloquent/Builder.php(820): Illuminate\\Database\\Query\\Builder->update(Array)
#5 /home/hqpyj8xflnii/public_html/app/Http/Controllers/Api/ApplicationController.php(675): Illuminate\\Database\\Eloquent\\Builder->update(Array)
#6 [internal function]: App\\Http\\Controllers\\Api\\ApplicationController->submitPostTest(Object(Illuminate\\Http\\Request))
#7 /home/hqpyj8xflnii/public_html/vendor/laravel/framework/src/Illuminate/Routing/Controller.php(54): call_user_func_array(Array, Array)
#8 /home/hqpyj8xflnii/public_html/vendor/laravel/framework/src/Illuminate/Routing/ControllerDispatcher.php(45): Illuminate\\Routing\\Controller->callAction('submitPostTest', Array)
#9 /home/hqpyj8xflnii/public_html/vendor/laravel/framework/src/Illuminate/Routing/Route.php(219): Illuminate\\Routing\\ControllerDispatcher->dispatch(Object(Illuminate\\Routing\\Route), Object(App\\Http\\Controllers\\Api\\ApplicationController), 'submitPostTest')
#10 /home/hqpyj8xflnii/public_html/vendor/laravel/framework/src/Illuminate/Routing/Route.php(176): Illuminate\\Routing\\Route->runController()
#11 /home/hqpyj8xflnii/public_html/vendor/laravel/framework/src/Illuminate/Routing/Router.php(680): Illuminate\\Routing\\Route->run()
#12 /home/hqpyj8xflnii/public_html/vendor/laravel/framework/src/Illuminate/Routing/Pipeline.php(30): Illuminate\\Routing\\Router->Illuminate\\Routing\\{closure}(Object(Illuminate\\Http\\Request))
#13 /home/hqpyj8xflnii/public_html/app/Http/Middleware/AuthApi.php(42): Illuminate\\Routing\\Pipeline->Illuminate\\Routing\\{closure}(Object(Illuminate\\Http\\Request))
#14 /home/hqpyj8xflnii/public_html/vendor/laravel/framework/src/Illuminate/Pipeline/Pipeline.php(163): App\\Http\\Middleware\\AuthApi->handle(Object(Illuminate\\Http\\Request), Object(Closure))
#15 /home/hqpyj8xflnii/public_html/vendor/laravel/framework/src/Illuminate/Routing/Pipeline.php(53): Illuminate\\Pipeline\\Pipeline->Illuminate\\Pipeline\\{closure}(Object(Illuminate\\Http\\Request))
#16 /home/hqpyj8xflnii/public_html/vendor/laravel/framework/src/Illuminate/Routing/Middleware/SubstituteBindings.php(41): Illuminate\\Routing\\Pipeline->Illuminate\\Routing\\{closure}(Object(Illuminate\\Http\\Request))
#17 /home/hqpyj8xflnii/public_html/vendor/laravel/framework/src/Illuminate/Pipeline/Pipeline.php(163): Illuminate\\Routing\\Middleware\\SubstituteBindings->handle(Object(Illuminate\\Http\\Request), Object(Closure))
#18 /home/hqpyj8xflnii/public_html/vendor/laravel/framework/src/Illuminate/Routing/Pipeline.php(53): Illuminate\\Pipeline\\Pipeline->Illuminate\\Pipeline\\{closure}(Object(Illuminate\\Http\\Request))
#19 /home/hqpyj8xflnii/public_html/vendor/laravel/framework/src/Illuminate/Routing/Middleware/ThrottleRequests.php(58): Illuminate\\Routing\\Pipeline->Illuminate\\Routing\\{closure}(Object(Illuminate\\Http\\Request))
#20 /home/hqpyj8xflnii/public_html/vendor/laravel/framework/src/Illuminate/Pipeline/Pipeline.php(163): Illuminate\\Routing\\Middleware\\ThrottleRequests->handle(Object(Illuminate\\Http\\Request), Object(Closure), 60, '1')
#21 /home/hqpyj8xflnii/public_html/vendor/laravel/framework/src/Illuminate/Routing/Pipeline.php(53): Illuminate\\Pipeline\\Pipeline->Illuminate\\Pipeline\\{closure}(Object(Illuminate\\Http\\Request))
#22 /home/hqpyj8xflnii/public_html/vendor/laravel/framework/src/Illuminate/Pipeline/Pipeline.php(104): Illuminate\\Routing\\Pipeline->Illuminate\\Routing\\{closure}(Object(Illuminate\\Http\\Request))
#23 /home/hqpyj8xflnii/public_html/vendor/laravel/framework/src/Illuminate/Routing/Router.php(682): Illuminate\\Pipeline\\Pipeline->then(Object(Closure))
#24 /home/hqpyj8xflnii/public_html/vendor/laravel/framework/src/Illuminate/Routing/Router.php(657): Illuminate\\Routing\\Router->runRouteWithinStack(Object(Illuminate\\Routing\\Route), Object(Illuminate\\Http\\Request))
#25 /home/hqpyj8xflnii/public_html/vendor/laravel/framework/src/Illuminate/Routing/Router.php(623): Illuminate\\Routing\\Router->runRoute(Object(Illuminate\\Http\\Request), Object(Illuminate\\Routing\\Route))
#26 /home/hqpyj8xflnii/public_html/vendor/laravel/framework/src/Illuminate/Routing/Router.php(612): Illuminate\\Routing\\Router->dispatchToRoute(Object(Illuminate\\Http\\Request))
#27 /home/hqpyj8xflnii/public_html/vendor/laravel/framework/src/Illuminate/Foundation/Http/Kernel.php(176): Illuminate\\Routing\\Router->dispatch(Object(Illuminate\\Http\\Request))
#28 /home/hqpyj8xflnii/public_html/vendor/laravel/framework/src/Illuminate/Routing/Pipeline.php(30): Illuminate\\Foundation\\Http\\Kernel->Illuminate\\Foundation\\Http\\{closure}(Object(Illuminate\\Http\\Request))
#29 /home/hqpyj8xflnii/public_html/vendor/laravel/framework/src/Illuminate/Foundation/Http/Middleware/TransformsRequest.php(21): Illuminate\\Routing\\Pipeline->Illuminate\\Routing\\{closure}(Object(Illuminate\\Http\\Request))
#30 /home/hqpyj8xflnii/public_html/vendor/laravel/framework/src/Illuminate/Pipeline/Pipeline.php(163): Illuminate\\Foundation\\Http\\Middleware\\TransformsRequest->handle(Object(Illuminate\\Http\\Request), Object(Closure))
#31 /home/hqpyj8xflnii/public_html/vendor/laravel/framework/src/Illuminate/Routing/Pipeline.php(53): Illuminate\\Pipeline\\Pipeline->Illuminate\\Pipeline\\{closure}(Object(Illuminate\\Http\\Request))
#32 /home/hqpyj8xflnii/public_html/vendor/laravel/framework/src/Illuminate/Foundation/Http/Middleware/TransformsRequest.php(21): Illuminate\\Routing\\Pipeline->Illuminate\\Routing\\{closure}(Object(Illuminate\\Http\\Request))
#33 /home/hqpyj8xflnii/public_html/vendor/laravel/framework/src/Illuminate/Pipeline/Pipeline.php(163): Illuminate\\Foundation\\Http\\Middleware\\TransformsRequest->handle(Object(Illuminate\\Http\\Request), Object(Closure))
#34 /home/hqpyj8xflnii/public_html/vendor/laravel/framework/src/Illuminate/Routing/Pipeline.php(53): Illuminate\\Pipeline\\Pipeline->Illuminate\\Pipeline\\{closure}(Object(Illuminate\\Http\\Request))
#35 /home/hqpyj8xflnii/public_html/vendor/laravel/framework/src/Illuminate/Foundation/Http/Middleware/ValidatePostSize.php(27): Illuminate\\Routing\\Pipeline->Illuminate\\Routing\\{closure}(Object(Illuminate\\Http\\Request))
#36 /home/hqpyj8xflnii/public_html/vendor/laravel/framework/src/Illuminate/Pipeline/Pipeline.php(163): Illuminate\\Foundation\\Http\\Middleware\\ValidatePostSize->handle(Object(Illuminate\\Http\\Request), Object(Closure))
#37 /home/hqpyj8xflnii/public_html/vendor/laravel/framework/src/Illuminate/Routing/Pipeline.php(53): Illuminate\\Pipeline\\Pipeline->Illuminate\\Pipeline\\{closure}(Object(Illuminate\\Http\\Request))
#38 /home/hqpyj8xflnii/public_html/vendor/laravel/framework/src/Illuminate/Foundation/Http/Middleware/CheckForMaintenanceMode.php(62): Illuminate\\Routing\\Pipeline->Illuminate\\Routing\\{closure}(Object(Illuminate\\Http\\Request))
#39 /home/hqpyj8xflnii/public_html/vendor/laravel/framework/src/Illuminate/Pipeline/Pipeline.php(163): Illuminate\\Foundation\\Http\\Middleware\\CheckForMaintenanceMode->handle(Object(Illuminate\\Http\\Request), Object(Closure))
#40 /home/hqpyj8xflnii/public_html/vendor/laravel/framework/src/Illuminate/Routing/Pipeline.php(53): Illuminate\\Pipeline\\Pipeline->Illuminate\\Pipeline\\{closure}(Object(Illuminate\\Http\\Request))
#41 /home/hqpyj8xflnii/public_html/vendor/fideloper/proxy/src/TrustProxies.php(57): Illuminate\\Routing\\Pipeline->Illuminate\\Routing\\{closure}(Object(Illuminate\\Http\\Request))
#42 /home/hqpyj8xflnii/public_html/vendor/laravel/framework/src/Illuminate/Pipeline/Pipeline.php(163): Fideloper\\Proxy\\TrustProxies->handle(Object(Illuminate\\Http\\Request), Object(Closure))
#43 /home/hqpyj8xflnii/public_html/vendor/laravel/framework/src/Illuminate/Routing/Pipeline.php(53): Illuminate\\Pipeline\\Pipeline->Illuminate\\Pipeline\\{closure}(Object(Illuminate\\Http\\Request))
#44 /home/hqpyj8xflnii/public_html/vendor/laravel/framework/src/Illuminate/Pipeline/Pipeline.php(104): Illuminate\\Routing\\Pipeline->Illuminate\\Routing\\{closure}(Object(Illuminate\\Http\\Request))
#45 /home/hqpyj8xflnii/public_html/vendor/laravel/framework/src/Illuminate/Foundation/Http/Kernel.php(151): Illuminate\\Pipeline\\Pipeline->then(Object(Closure))
#46 /home/hqpyj8xflnii/public_html/vendor/laravel/framework/src/Illuminate/Foundation/Http/Kernel.php(116): Illuminate\\Foundation\\Http\\Kernel->sendRequestThroughRouter(Object(Illuminate\\Http\\Request))
#47 /home/hqpyj8xflnii/public_html/public/index.php(55): Illuminate\\Foundation\\Http\\Kernel->handle(Object(Illuminate\\Http\\Request))
#48 /home/hqpyj8xflnii/public_html/index.php(21): require_once('/home/hqpyj8xfl...')
#49 {main}
"} 
