[2020-03-16 15:28:00] local.ERROR: ErrorException: Undefined variable: btn in /home/hqpyj8xflnii/public_html/staging/app/Http/Controllers/ChangeDecreaseController.php:139
Stack trace:
#0 /home/hqpyj8xflnii/public_html/staging/app/Http/Controllers/ChangeDecreaseController.php(139): Illuminate\Foundation\Bootstrap\HandleExceptions->handleError(8, 'Undefined varia...', '/home/hqpyj8xfl...', 139, Array)
#1 /home/hqpyj8xflnii/public_html/staging/vendor/yajra/laravel-datatables-oracle/src/Utilities/Helper.php(65): App\Http\Controllers\ChangeDecreaseController->App\Http\Controllers\{closure}(Object(App\Application))
#2 /home/hqpyj8xflnii/public_html/staging/vendor/yajra/laravel-datatables-oracle/src/Processors/DataProcessor.php(130): Yajra\DataTables\Utilities\Helper::compileContent(Object(Closure), Array, Object(App\Application))
#3 /home/hqpyj8xflnii/public_html/staging/vendor/yajra/laravel-datatables-oracle/src/Processors/DataProcessor.php(104): Yajra\DataTables\Processors\DataProcessor->addColumns(Array, Object(App\Application))
#4 /home/hqpyj8xflnii/public_html/staging/vendor/yajra/laravel-datatables-oracle/src/DataTableAbstract.php(753): Yajra\DataTables\Processors\DataProcessor->process(true)
#5 /home/hqpyj8xflnii/public_html/staging/vendor/yajra/laravel-datatables-oracle/src/CollectionDataTable.php(164): Yajra\DataTables\DataTableAbstract->processResults(Array, true)
#6 /home/hqpyj8xflnii/public_html/staging/app/Http/Controllers/ChangeDecreaseController.php(142): Yajra\DataTables\CollectionDataTable->make(true)
#7 [internal function]: App\Http\Controllers\ChangeDecreaseController->loadApplication(Object(Illuminate\Http\Request))
#8 /home/hqpyj8xflnii/public_html/staging/vendor/laravel/framework/src/Illuminate/Routing/Controller.php(54): call_user_func_array(Array, Array)
#9 /home/hqpyj8xflnii/public_html/staging/vendor/laravel/framework/src/Illuminate/Routing/ControllerDispatcher.php(45): Illuminate\Routing\Controller->callAction('loadApplication', Array)
#10 /home/hqpyj8xflnii/public_html/staging/vendor/laravel/framework/src/Illuminate/Routing/Route.php(219): Illuminate\Routing\ControllerDispatcher->dispatch(Object(Illuminate\Routing\Route), Object(App\Http\Controllers\ChangeDecreaseController), 'loadApplication')
#11 /home/hqpyj8xflnii/public_html/staging/vendor/laravel/framework/src/Illuminate/Routing/Route.php(176): Illuminate\Routing\Route->runController()
#12 /home/hqpyj8xflnii/public_html/staging/vendor/laravel/framework/src/Illuminate/Routing/Router.php(680): Illuminate\Routing\Route->run()
#13 /home/hqpyj8xflnii/public_html/staging/vendor/laravel/framework/src/Illuminate/Routing/Pipeline.php(30): Illuminate\Routing\Router->Illuminate\Routing\{closure}(Object(Illuminate\Http\Request))
#14 /home/hqpyj8xflnii/public_html/staging/app/Http/Middleware/Localization.php(24): Illuminate\Routing\Pipeline->Illuminate\Routing\{closure}(Object(Illuminate\Http\Request))
#15 /home/hqpyj8xflnii/public_html/staging/vendor/laravel/framework/src/Illuminate/Pipeline/Pipeline.php(163): App\Http\Middleware\Localization->handle(Object(Illuminate\Http\Request), Object(Closure))
#16 /home/hqpyj8xflnii/public_html/staging/vendor/laravel/framework/src/Illuminate/Routing/Pipeline.php(53): Illuminate\Pipeline\Pipeline->Illuminate\Pipeline\{closure}(Object(Illuminate\Http\Request))
#17 /home/hqpyj8xflnii/public_html/staging/vendor/laravel/framework/src/Illuminate/Routing/Middleware/SubstituteBindings.php(41): Illuminate\Routing\Pipeline->Illuminate\Routing\{closure}(Object(Illuminate\Http\Request))
#18 /home/hqpyj8xflnii/public_html/staging/vendor/laravel/framework/src/Illuminate/Pipeline/Pipeline.php(163): Illuminate\Routing\Middleware\SubstituteBindings->handle(Object(Illuminate\Http\Request), Object(Closure))
#19 /home/hqpyj8xflnii/public_html/staging/vendor/laravel/framework/src/Illuminate/Routing/Pipeline.php(53): Illuminate\Pipeline\Pipeline->Illuminate\Pipeline\{closure}(Object(Illuminate\Http\Request))
#20 /home/hqpyj8xflnii/public_html/staging/vendor/laravel/framework/src/Illuminate/Auth/Middleware/Authenticate.php(43): Illuminate\Routing\Pipeline->Illuminate\Routing\{closure}(Object(Illuminate\Http\Request))
#21 /home/hqpyj8xflnii/public_html/staging/vendor/laravel/framework/src/Illuminate/Pipeline/Pipeline.php(163): Illuminate\Auth\Middleware\Authenticate->handle(Object(Illuminate\Http\Request), Object(Closure))
#22 /home/hqpyj8xflnii/public_html/staging/vendor/laravel/framework/src/Illuminate/Routing/Pipeline.php(53): Illuminate\Pipeline\Pipeline->Illuminate\Pipeline\{closure}(Object(Illuminate\Http\Request))
#23 /home/hqpyj8xflnii/public_html/staging/vendor/laravel/framework/src/Illuminate/Foundation/Http/Middleware/VerifyCsrfToken.php(75): Illuminate\Routing\Pipeline->Illuminate\Routing\{closure}(Object(Illuminate\Http\Request))
#24 /home/hqpyj8xflnii/public_html/staging/vendor/laravel/framework/src/Illuminate/Pipeline/Pipeline.php(163): Illuminate\Foundation\Http\Middleware\VerifyCsrfToken->handle(Object(Illuminate\Http\Request), Object(Closure))
#25 /home/hqpyj8xflnii/public_html/staging/vendor/laravel/framework/src/Illuminate/Routing/Pipeline.php(53): Illuminate\Pipeline\Pipeline->Illuminate\Pipeline\{closure}(Object(Illuminate\Http\Request))
#26 /home/hqpyj8xflnii/public_html/staging/vendor/laravel/framework/src/Illuminate/View/Middleware/ShareErrorsFromSession.php(49): Illuminate\Routing\Pipeline->Illuminate\Routing\{closure}(Object(Illuminate\Http\Request))
#27 /home/hqpyj8xflnii/public_html/staging/vendor/laravel/framework/src/Illuminate/Pipeline/Pipeline.php(163): Illuminate\View\Middleware\ShareErrorsFromSession->handle(Object(Illuminate\Http\Request), Object(Closure))
#28 /home/hqpyj8xflnii/public_html/staging/vendor/laravel/framework/src/Illuminate/Routing/Pipeline.php(53): Illuminate\Pipeline\Pipeline->Illuminate\Pipeline\{closure}(Object(Illuminate\Http\Request))
#29 /home/hqpyj8xflnii/public_html/staging/vendor/laravel/framework/src/Illuminate/Session/Middleware/StartSession.php(56): Illuminate\Routing\Pipeline->Illuminate\Routing\{closure}(Object(Illuminate\Http\Request))
#30 /home/hqpyj8xflnii/public_html/staging/vendor/laravel/framework/src/Illuminate/Pipeline/Pipeline.php(163): Illuminate\Session\Middleware\StartSession->handle(Object(Illuminate\Http\Request), Object(Closure))
#31 /home/hqpyj8xflnii/public_html/staging/vendor/laravel/framework/src/Illuminate/Routing/Pipeline.php(53): Illuminate\Pipeline\Pipeline->Illuminate\Pipeline\{closure}(Object(Illuminate\Http\Request))
#32 /home/hqpyj8xflnii/public_html/staging/vendor/laravel/framework/src/Illuminate/Cookie/Middleware/AddQueuedCookiesToResponse.php(37): Illuminate\Routing\Pipeline->Illuminate\Routing\{closure}(Object(Illuminate\Http\Request))
#33 /home/hqpyj8xflnii/public_html/staging/vendor/laravel/framework/src/Illuminate/Pipeline/Pipeline.php(163): Illuminate\Cookie\Middleware\AddQueuedCookiesToResponse->handle(Object(Illuminate\Http\Request), Object(Closure))
#34 /home/hqpyj8xflnii/public_html/staging/vendor/laravel/framework/src/Illuminate/Routing/Pipeline.php(53): Illuminate\Pipeline\Pipeline->Illuminate\Pipeline\{closure}(Object(Illuminate\Http\Request))
#35 /home/hqpyj8xflnii/public_html/staging/vendor/laravel/framework/src/Illuminate/Cookie/Middleware/EncryptCookies.php(66): Illuminate\Routing\Pipeline->Illuminate\Routing\{closure}(Object(Illuminate\Http\Request))
#36 /home/hqpyj8xflnii/public_html/staging/vendor/laravel/framework/src/Illuminate/Pipeline/Pipeline.php(163): Illuminate\Cookie\Middleware\EncryptCookies->handle(Object(Illuminate\Http\Request), Object(Closure))
#37 /home/hqpyj8xflnii/public_html/staging/vendor/laravel/framework/src/Illuminate/Routing/Pipeline.php(53): Illuminate\Pipeline\Pipeline->Illuminate\Pipeline\{closure}(Object(Illuminate\Http\Request))
#38 /home/hqpyj8xflnii/public_html/staging/vendor/laravel/framework/src/Illuminate/Pipeline/Pipeline.php(104): Illuminate\Routing\Pipeline->Illuminate\Routing\{closure}(Object(Illuminate\Http\Request))
#39 /home/hqpyj8xflnii/public_html/staging/vendor/laravel/framework/src/Illuminate/Routing/Router.php(682): Illuminate\Pipeline\Pipeline->then(Object(Closure))
#40 /home/hqpyj8xflnii/public_html/staging/vendor/laravel/framework/src/Illuminate/Routing/Router.php(657): Illuminate\Routing\Router->runRouteWithinStack(Object(Illuminate\Routing\Route), Object(Illuminate\Http\Request))
#41 /home/hqpyj8xflnii/public_html/staging/vendor/laravel/framework/src/Illuminate/Routing/Router.php(623): Illuminate\Routing\Router->runRoute(Object(Illuminate\Http\Request), Object(Illuminate\Routing\Route))
#42 /home/hqpyj8xflnii/public_html/staging/vendor/laravel/framework/src/Illuminate/Routing/Router.php(612): Illuminate\Routing\Router->dispatchToRoute(Object(Illuminate\Http\Request))
#43 /home/hqpyj8xflnii/public_html/staging/vendor/laravel/framework/src/Illuminate/Foundation/Http/Kernel.php(176): Illuminate\Routing\Router->dispatch(Object(Illuminate\Http\Request))
#44 /home/hqpyj8xflnii/public_html/staging/vendor/laravel/framework/src/Illuminate/Routing/Pipeline.php(30): Illuminate\Foundation\Http\Kernel->Illuminate\Foundation\Http\{closure}(Object(Illuminate\Http\Request))
#45 /home/hqpyj8xflnii/public_html/staging/vendor/laravel/framework/src/Illuminate/Foundation/Http/Middleware/TransformsRequest.php(21): Illuminate\Routing\Pipeline->Illuminate\Routing\{closure}(Object(Illuminate\Http\Request))
#46 /home/hqpyj8xflnii/public_html/staging/vendor/laravel/framework/src/Illuminate/Pipeline/Pipeline.php(163): Illuminate\Foundation\Http\Middleware\TransformsRequest->handle(Object(Illuminate\Http\Request), Object(Closure))
#47 /home/hqpyj8xflnii/public_html/staging/vendor/laravel/framework/src/Illuminate/Routing/Pipeline.php(53): Illuminate\Pipeline\Pipeline->Illuminate\Pipeline\{closure}(Object(Illuminate\Http\Request))
#48 /home/hqpyj8xflnii/public_html/staging/vendor/laravel/framework/src/Illuminate/Foundation/Http/Middleware/TransformsRequest.php(21): Illuminate\Routing\Pipeline->Illuminate\Routing\{closure}(Object(Illuminate\Http\Request))
#49 /home/hqpyj8xflnii/public_html/staging/vendor/laravel/framework/src/Illuminate/Pipeline/Pipeline.php(163): Illuminate\Foundation\Http\Middleware\TransformsRequest->handle(Object(Illuminate\Http\Request), Object(Closure))
#50 /home/hqpyj8xflnii/public_html/staging/vendor/laravel/framework/src/Illuminate/Routing/Pipeline.php(53): Illuminate\Pipeline\Pipeline->Illuminate\Pipeline\{closure}(Object(Illuminate\Http\Request))
#51 /home/hqpyj8xflnii/public_html/staging/vendor/laravel/framework/src/Illuminate/Foundation/Http/Middleware/ValidatePostSize.php(27): Illuminate\Routing\Pipeline->Illuminate\Routing\{closure}(Object(Illuminate\Http\Request))
#52 /home/hqpyj8xflnii/public_html/staging/vendor/laravel/framework/src/Illuminate/Pipeline/Pipeline.php(163): Illuminate\Foundation\Http\Middleware\ValidatePostSize->handle(Object(Illuminate\Http\Request), Object(Closure))
#53 /home/hqpyj8xflnii/public_html/staging/vendor/laravel/framework/src/Illuminate/Routing/Pipeline.php(53): Illuminate\Pipeline\Pipeline->Illuminate\Pipeline\{closure}(Object(Illuminate\Http\Request))
#54 /home/hqpyj8xflnii/public_html/staging/vendor/laravel/framework/src/Illuminate/Foundation/Http/Middleware/CheckForMaintenanceMode.php(62): Illuminate\Routing\Pipeline->Illuminate\Routing\{closure}(Object(Illuminate\Http\Request))
#55 /home/hqpyj8xflnii/public_html/staging/vendor/laravel/framework/src/Illuminate/Pipeline/Pipeline.php(163): Illuminate\Foundation\Http\Middleware\CheckForMaintenanceMode->handle(Object(Illuminate\Http\Request), Object(Closure))
#56 /home/hqpyj8xflnii/public_html/staging/vendor/laravel/framework/src/Illuminate/Routing/Pipeline.php(53): Illuminate\Pipeline\Pipeline->Illuminate\Pipeline\{closure}(Object(Illuminate\Http\Request))
#57 /home/hqpyj8xflnii/public_html/staging/vendor/fideloper/proxy/src/TrustProxies.php(57): Illuminate\Routing\Pipeline->Illuminate\Routing\{closure}(Object(Illuminate\Http\Request))
#58 /home/hqpyj8xflnii/public_html/staging/vendor/laravel/framework/src/Illuminate/Pipeline/Pipeline.php(163): Fideloper\Proxy\TrustProxies->handle(Object(Illuminate\Http\Request), Object(Closure))
#59 /home/hqpyj8xflnii/public_html/staging/vendor/laravel/framework/src/Illuminate/Routing/Pipeline.php(53): Illuminate\Pipeline\Pipeline->Illuminate\Pipeline\{closure}(Object(Illuminate\Http\Request))
#60 /home/hqpyj8xflnii/public_html/staging/vendor/laravel/framework/src/Illuminate/Pipeline/Pipeline.php(104): Illuminate\Routing\Pipeline->Illuminate\Routing\{closure}(Object(Illuminate\Http\Request))
#61 /home/hqpyj8xflnii/public_html/staging/vendor/laravel/framework/src/Illuminate/Foundation/Http/Kernel.php(151): Illuminate\Pipeline\Pipeline->then(Object(Closure))
#62 /home/hqpyj8xflnii/public_html/staging/vendor/laravel/framework/src/Illuminate/Foundation/Http/Kernel.php(116): Illuminate\Foundation\Http\Kernel->sendRequestThroughRouter(Object(Illuminate\Http\Request))
#63 /home/hqpyj8xflnii/public_html/staging/public/index.php(109): Illuminate\Foundation\Http\Kernel->handle(Object(Illuminate\Http\Request))
#64 /home/hqpyj8xflnii/public_html/staging/index.php(41): require_once('/home/hqpyj8xfl...')
#65 {main}  
